<?xml version="1.0" encoding="UTF-8"?>
<!-- Generated by org.testng.reporters.JUnitReportReporter -->
<testsuite hostname="Morris-Swertzs-MacBook-Air.local" name="org.molgenis.compute5.test.workflows.DemoTest" tests="1" failures="1" timestamp="16 Feb 2013 11:21:42 GMT" time="0.001" errors="0">
  <testcase name="test" time="0.001" classname="org.molgenis.compute5.test.workflows.DemoTest">
    <failure type="java.io.IOException" message="Parsing of parameters csv failed: /Users/mswertz/git/maven-test20130201/molgenis/molgenis-compute-core/demo/parameters.csv (No such file or directory)">
      <![CDATA[java.io.IOException: Parsing of parameters csv failed: /Users/mswertz/git/maven-test20130201/molgenis/molgenis-compute-core/demo/parameters.csv (No such file or directory)
	at org.molgenis.compute5.parsers.ParametersCsvParser.parse(ParametersCsvParser.java:269)
	at org.molgenis.compute5.ComputeCommandLine.create(ComputeCommandLine.java:90)
	at org.molgenis.compute5.test.workflows.DemoTest.test(DemoTest.java:14)
	at sun.reflect.NativeMethodAccessorImpl.invoke0(Native Method)
	at sun.reflect.NativeMethodAccessorImpl.invoke(NativeMethodAccessorImpl.java:39)
	at sun.reflect.DelegatingMethodAccessorImpl.invoke(DelegatingMethodAccessorImpl.java:25)
	at java.lang.reflect.Method.invoke(Method.java:597)
	at org.testng.internal.MethodInvocationHelper.invokeMethod(MethodInvocationHelper.java:80)
	at org.testng.internal.Invoker.invokeMethod(Invoker.java:714)
	at org.testng.internal.Invoker.invokeTestMethod(Invoker.java:901)
	at org.testng.internal.Invoker.invokeTestMethods(Invoker.java:1231)
	at org.testng.internal.TestMethodWorker.invokeTestMethods(TestMethodWorker.java:128)
	at org.testng.internal.TestMethodWorker.run(TestMethodWorker.java:111)
	at org.testng.TestRunner.privateRun(TestRunner.java:767)
	at org.testng.TestRunner.run(TestRunner.java:617)
	at org.testng.SuiteRunner.runTest(SuiteRunner.java:334)
	at org.testng.SuiteRunner.runSequentially(SuiteRunner.java:329)
	at org.testng.SuiteRunner.privateRun(SuiteRunner.java:291)
	at org.testng.SuiteRunner.run(SuiteRunner.java:240)
	at org.testng.SuiteRunnerWorker.runSuite(SuiteRunnerWorker.java:52)
	at org.testng.SuiteRunnerWorker.run(SuiteRunnerWorker.java:86)
	at org.testng.TestNG.runSuitesSequentially(TestNG.java:1203)
	at org.testng.TestNG.runSuitesLocally(TestNG.java:1128)
	at org.testng.TestNG.run(TestNG.java:1036)
	at org.testng.remote.RemoteTestNG.run(RemoteTestNG.java:111)
	at org.testng.remote.RemoteTestNG.initAndRun(RemoteTestNG.java:204)
	at org.testng.remote.RemoteTestNG.main(RemoteTestNG.java:175)
]]>
    </failure>
  </testcase> <!-- test -->
</testsuite> <!-- org.molgenis.compute5.test.workflows.DemoTest -->
